<?xml version="1.0" encoding="UTF-8"?>
<!-- Generated by org.testng.reporters.JUnitReportReporter -->
<testsuite skipped="0" hostname="HYD-L-00062414" name="testCode.MathTest" tests="1" failures="0" timestamp="23 May 2019 09:48:15 GMT" time="0.007" errors="0">
  <testcase name="unitTest1" time="0.007" classname="testCode.MathTest"/>
</testsuite> <!-- testCode.MathTest -->
